<?xml version="1.0" encoding="UTF-8"?>
<!-- Generated by org.testng.reporters.JUnitXMLReporter -->
<testsuite ignored="3" hostname="Akshay" failures="1" tests="3" name="TC_firfox" time="49.609" errors="0" timestamp="2025-06-23T08:31:15 IST">
  <testcase classname="amazon_EtoE.Project_1.TC_3_Edit_Profile" name="editprofileinfo" time="0.255">
    <skipped/>
  </testcase> <!-- editprofileinfo -->
  <testcase classname="amazon_EtoE.Project_1.TC_3_Edit_Profile" name="editprofileinfo" time="1.823">
    <skipped/>
  </testcase> <!-- editprofileinfo -->
  <testcase classname="amazon_EtoE.Project_1.TC_3_Edit_Profile" name="editprofileinfo" time="1.721">
    <failure type="org.openqa.selenium.NoSuchElementException" message="Unable to locate element: //span[.=&amp;apos;Sign in&amp;apos;]
For documentation on this error, please visit: https://www.selenium.dev/documentation/webdriver/troubleshooting/errors#no-such-element-exception
Build info: version: &amp;apos;4.32.0&amp;apos;, revision: &amp;apos;d17c8aa950&amp;apos;
System info: os.name: &amp;apos;Windows 11&amp;apos;, os.arch: &amp;apos;amd64&amp;apos;, os.version: &amp;apos;10.0&amp;apos;, java.version: &amp;apos;23.0.2&amp;apos;
Driver info: org.openqa.selenium.firefox.FirefoxDriver
Command: [40211729-b40a-4aa9-987b-69e138f6b332, findElement {using=xpath, value=//span[.=&amp;apos;Sign in&amp;apos;]}]
Capabilities {acceptInsecureCerts: true, browserName: firefox, browserVersion: 139.0.4, moz:accessibilityChecks: false, moz:buildID: 20250609112858, moz:geckodriverVersion: 0.36.0, moz:headless: false, moz:platformVersion: 10.0, moz:processID: 59884, moz:profile: C:\Users\AKSHAY~1\AppData\L..., moz:shutdownTimeout: 60000, moz:webdriverClick: true, moz:windowless: false, pageLoadStrategy: normal, platformName: windows, proxy: Proxy(), setWindowRect: true, strictFileInteractability: false, timeouts: {implicit: 0, pageLoad: 300000, script: 30000}, unhandledPromptBehavior: dismiss and notify, userAgent: Mozilla/5.0 (Windows NT 10....}
Session ID: 40211729-b40a-4aa9-987b-69e138f6b332">
      <![CDATA[org.openqa.selenium.NoSuchElementException: Unable to locate element: //span[.='Sign in']
For documentation on this error, please visit: https://www.selenium.dev/documentation/webdriver/troubleshooting/errors#no-such-element-exception
Build info: version: '4.32.0', revision: 'd17c8aa950'
System info: os.name: 'Windows 11', os.arch: 'amd64', os.version: '10.0', java.version: '23.0.2'
Driver info: org.openqa.selenium.firefox.FirefoxDriver
Command: [40211729-b40a-4aa9-987b-69e138f6b332, findElement {using=xpath, value=//span[.='Sign in']}]
Capabilities {acceptInsecureCerts: true, browserName: firefox, browserVersion: 139.0.4, moz:accessibilityChecks: false, moz:buildID: 20250609112858, moz:geckodriverVersion: 0.36.0, moz:headless: false, moz:platformVersion: 10.0, moz:processID: 59884, moz:profile: C:\Users\AKSHAY~1\AppData\L..., moz:shutdownTimeout: 60000, moz:webdriverClick: true, moz:windowless: false, pageLoadStrategy: normal, platformName: windows, proxy: Proxy(), setWindowRect: true, strictFileInteractability: false, timeouts: {implicit: 0, pageLoad: 300000, script: 30000}, unhandledPromptBehavior: dismiss and notify, userAgent: Mozilla/5.0 (Windows NT 10....}
Session ID: 40211729-b40a-4aa9-987b-69e138f6b332
at org.openqa.selenium.remote.ErrorCodec.decode(ErrorCodec.java:167)
at org.openqa.selenium.remote.codec.w3c.W3CHttpResponseCodec.decode(W3CHttpResponseCodec.java:138)
at org.openqa.selenium.remote.codec.w3c.W3CHttpResponseCodec.decode(W3CHttpResponseCodec.java:50)
at org.openqa.selenium.remote.HttpCommandExecutor.execute(HttpCommandExecutor.java:215)
at org.openqa.selenium.remote.service.DriverCommandExecutor.invokeExecute(DriverCommandExecutor.java:216)
at org.openqa.selenium.remote.service.DriverCommandExecutor.execute(DriverCommandExecutor.java:174)
at org.openqa.selenium.remote.RemoteWebDriver.execute(RemoteWebDriver.java:545)
at org.openqa.selenium.remote.ElementLocation$ElementFinder$2.findElement(ElementLocation.java:165)
at org.openqa.selenium.remote.ElementLocation.findElement(ElementLocation.java:59)
at org.openqa.selenium.remote.RemoteWebDriver.findElement(RemoteWebDriver.java:368)
at org.openqa.selenium.remote.RemoteWebDriver.findElement(RemoteWebDriver.java:362)
at org.openqa.selenium.support.pagefactory.DefaultElementLocator.findElement(DefaultElementLocator.java:68)
at org.openqa.selenium.support.pagefactory.internal.LocatingElementHandler.invoke(LocatingElementHandler.java:38)
at jdk.proxy2/jdk.proxy2.$Proxy12.click(Unknown Source)
at amazon_EtoE.Project_1.HomePage.click_signin(HomePage.java:33)
at amazon_EtoE.Project_1.TC_3_Edit_Profile.editprofileinfo(TC_3_Edit_Profile.java:19)
at java.base/java.util.ArrayList.forEach(ArrayList.java:1597)
at java.base/java.util.concurrent.FutureTask.run(FutureTask.java:317)
at java.base/java.util.concurrent.ThreadPoolExecutor.runWorker(ThreadPoolExecutor.java:1144)
at java.base/java.util.concurrent.ThreadPoolExecutor$Worker.run(ThreadPoolExecutor.java:642)
at java.base/java.lang.Thread.run(Thread.java:1575)
... Removed 18 stack frames]]>
    </failure>
  </testcase> <!-- editprofileinfo -->
  <testcase classname="amazon_EtoE.Project_1.TC_2_B_Login_with_incorrectPwd" name="invalid_password" time="0.0">
    <ignored/>
  </testcase> <!-- invalid_password -->
  <testcase classname="amazon_EtoE.Project_1.TC_1_Login_with_correct_EmailPwd" name="validTC" time="0.0">
    <ignored/>
  </testcase> <!-- validTC -->
  <testcase classname="amazon_EtoE.Project_1.TC_2_A_Login_with_incorrectEmail" name="invalid_email" time="0.0">
    <ignored/>
  </testcase> <!-- invalid_email -->
</testsuite> <!-- TC_firfox -->
